<?xml version="1.0" encoding="UTF-8"?>
<!-- Generated by org.testng.reporters.JUnitReportReporter -->
<testsuite hostname="LAPTOP-1E5OSFLE" name="com.medicine.IEMediPlusTest" tests="1" failures="0" timestamp="30 Jun 2021 15:58:58 GMT" time="72.065" errors="0">
  <testcase name="iEMediPlus" time="72.065" classname="com.medicine.IEMediPlusTest"/>
</testsuite> <!-- com.medicine.IEMediPlusTest -->
