<?xml version="1.0" encoding="UTF-8"?>
<!-- Generated by org.testng.reporters.JUnitReportReporter -->
<testsuite hostname="LAPTOP-1E5OSFLE" name="com.medicine.PurchaseHistory" tests="1" failures="0" timestamp="4 Jul 2021 10:02:18 GMT" time="116.503" errors="0">
  <testcase name="purchaseHistory" time="116.503" classname="com.medicine.PurchaseHistory"/>
</testsuite> <!-- com.medicine.PurchaseHistory -->
