<?xml version="1.0" encoding="UTF-8"?>
<!-- Generated by org.testng.reporters.JUnitReportReporter -->
<testsuite hostname="LAPTOP-1E5OSFLE" name="com.medicine.MediPlusTest" tests="1" failures="0" timestamp="3 Jul 2021 16:44:05 GMT" time="73.824" errors="0">
  <testcase name="mediPlusHome" time="73.824" classname="com.medicine.MediPlusTest"/>
</testsuite> <!-- com.medicine.MediPlusTest -->
