<?xml version="1.0" encoding="UTF-8"?>
<!-- Generated by org.testng.reporters.JUnitReportReporter -->
<testsuite hostname="LAPTOP-1E5OSFLE" name="com.medicine.ProceedPayment" tests="2" failures="0" timestamp="4 Jul 2021 09:20:18 GMT" time="252.476" errors="0">
  <testcase name="proceed" time="213.526" classname="com.medicine.ProceedPayment"/>
  <testcase name="addItemsToCart" time="38.950" classname="com.medicine.ProceedPayment"/>
</testsuite> <!-- com.medicine.ProceedPayment -->
