<?xml version="1.0" encoding="UTF-8"?>
<!-- Generated by org.testng.reporters.JUnitReportReporter -->
<testsuite hostname="LAPTOP-1E5OSFLE" name="com.medicine.MedplusReport" tests="1" failures="0" timestamp="2 Jul 2021 14:55:28 GMT" time="30.547" errors="0">
  <testcase name="rama" time="30.547" classname="com.medicine.MedplusReport"/>
</testsuite> <!-- com.medicine.MedplusReport -->
