<?xml version="1.0" encoding="UTF-8"?>
<!-- Generated by org.testng.reporters.JUnitReportReporter -->
<testsuite hostname="LAPTOP-1E5OSFLE" name="com.medicine.SearchProductTest" tests="1" failures="0" timestamp="14 Apr 2021 17:12:45 GMT" time="11.731" errors="0">
  <testcase name="eneterProduct" time="11.731" classname="com.medicine.SearchProductTest"/>
</testsuite> <!-- com.medicine.SearchProductTest -->
