<?xml version="1.0" encoding="UTF-8"?>
<!-- Generated by org.testng.reporters.JUnitReportReporter -->
<testsuite hostname="LAPTOP-1E5OSFLE" name="com.medicine.HealthStoreItems" tests="1" failures="0" timestamp="4 Jul 2021 10:02:18 GMT" time="36.392" errors="0">
  <testcase name="healthStore" time="36.392" classname="com.medicine.HealthStoreItems"/>
</testsuite> <!-- com.medicine.HealthStoreItems -->
