<?xml version="1.0" encoding="UTF-8"?>
<!-- Generated by org.testng.reporters.JUnitReportReporter -->
<testsuite hostname="LAPTOP-1E5OSFLE" name="com.medicine.LabTests" tests="1" failures="0" timestamp="4 Jul 2021 10:02:18 GMT" time="29.106" errors="0">
  <testcase name="labTests" time="29.106" classname="com.medicine.LabTests"/>
</testsuite> <!-- com.medicine.LabTests -->
