<?xml version="1.0" encoding="UTF-8"?>
<!-- Generated by org.testng.reporters.JUnitReportReporter -->
<testsuite hostname="LAPTOP-1E5OSFLE" name="com.medicine.InvalidLogin" tests="1" failures="0" timestamp="4 Jul 2021 10:02:18 GMT" time="14.060" errors="0">
  <testcase name="invalidLogin" time="14.060" classname="com.medicine.InvalidLogin"/>
</testsuite> <!-- com.medicine.InvalidLogin -->
