<?xml version="1.0" encoding="UTF-8"?>
<!-- Generated by org.testng.reporters.JUnitReportReporter -->
<testsuite hostname="LAPTOP-1E5OSFLE" name="com.medicine.MediPlusTest" tests="1" failures="0" timestamp="8 May 2021 16:50:45 GMT" time="15.455" errors="0">
  <testcase name="mediPlusHome" time="15.455" classname="com.medicine.MediPlusTest"/>
</testsuite> <!-- com.medicine.MediPlusTest -->
