<?xml version="1.0" encoding="UTF-8"?>
<!-- Generated by org.testng.reporters.JUnitReportReporter -->
<testsuite hostname="LAPTOP-1E5OSFLE" name="com.medicine.IEMediPlusTest" tests="1" failures="0" timestamp="8 May 2021 16:50:45 GMT" time="63.421" errors="0">
  <testcase name="iEMediPlus" time="63.421" classname="com.medicine.IEMediPlusTest"/>
</testsuite> <!-- com.medicine.IEMediPlusTest -->
