<?xml version="1.0" encoding="UTF-8"?>
<!-- Generated by org.testng.reporters.JUnitReportReporter -->
<testsuite hostname="LAPTOP-1E5OSFLE" name="com.medicine.ItemRemove" tests="3" failures="0" timestamp="4 Jul 2021 10:02:19 GMT" time="352.373" errors="0">
  <testcase name="itemRemove" time="90.618" classname="com.medicine.ItemRemove"/>
  <testcase name="proceed" time="216.021" classname="com.medicine.ItemRemove"/>
  <testcase name="addItemsToCart" time="45.734" classname="com.medicine.ItemRemove"/>
</testsuite> <!-- com.medicine.ItemRemove -->
