<?xml version="1.0" encoding="UTF-8"?>
<!-- Generated by org.testng.reporters.JUnitReportReporter -->
<testsuite hostname="LAPTOP-1E5OSFLE" name="com.medicine.MedplusReport" tests="1" failures="0" timestamp="3 Jul 2021 17:53:17 GMT" time="39.814" errors="0">
  <testcase name="rama" time="39.814" classname="com.medicine.MedplusReport"/>
</testsuite> <!-- com.medicine.MedplusReport -->
