<?xml version="1.0" encoding="UTF-8"?>
<!-- Generated by org.testng.reporters.JUnitReportReporter -->
<testsuite hostname="LAPTOP-1E5OSFLE" name="com.medicine.SearchProductTest" tests="1" failures="0" timestamp="8 May 2021 16:50:45 GMT" time="11.411" errors="0">
  <testcase name="eneterProduct" time="11.411" classname="com.medicine.SearchProductTest"/>
</testsuite> <!-- com.medicine.SearchProductTest -->
