<?xml version="1.0" encoding="UTF-8"?>
<!-- Generated by org.testng.reporters.JUnitReportReporter -->
<testsuite hostname="LAPTOP-1E5OSFLE" name="com.medicine.LoginWithValidUser" tests="1" failures="0" timestamp="2 Jul 2021 16:13:08 GMT" time="46.507" errors="0">
  <testcase name="loginValid" time="46.507" classname="com.medicine.LoginWithValidUser"/>
</testsuite> <!-- com.medicine.LoginWithValidUser -->
