<?xml version="1.0" encoding="UTF-8"?>
<!-- Generated by org.testng.reporters.JUnitReportReporter -->
<testsuite hostname="LAPTOP-1E5OSFLE" name="com.medicine.LoginWithValidUser" tests="1" failures="0" timestamp="8 May 2021 16:50:44 GMT" time="35.296" errors="0">
  <testcase name="loginValid" time="35.296" classname="com.medicine.LoginWithValidUser"/>
</testsuite> <!-- com.medicine.LoginWithValidUser -->
