<?xml version="1.0" encoding="UTF-8"?>
<!-- Generated by org.testng.reporters.JUnitReportReporter -->
<testsuite hostname="LAPTOP-1E5OSFLE" name="com.medicine.HealthStoreItems" tests="1" failures="0" timestamp="2 Jul 2021 16:28:22 GMT" time="41.464" errors="0">
  <testcase name="healthStore" time="41.464" classname="com.medicine.HealthStoreItems"/>
</testsuite> <!-- com.medicine.HealthStoreItems -->
