<?xml version="1.0" encoding="UTF-8"?>
<!-- Generated by org.testng.reporters.JUnitReportReporter -->
<testsuite hostname="LAPTOP-1E5OSFLE" name="com.medicine.FruitMarket" tests="2" failures="0" timestamp="13 May 2021 02:30:20 GMT" time="0.007" errors="0">
  <testcase name="sapota" time="0.002" classname="com.medicine.FruitMarket"/>
  <testcase name="guva" time="0.005" classname="com.medicine.FruitMarket"/>
</testsuite> <!-- com.medicine.FruitMarket -->
