<?xml version="1.0" encoding="UTF-8"?>
<!-- Generated by org.testng.reporters.JUnitReportReporter -->
<testsuite hostname="LAPTOP-1E5OSFLE" name="com.medicine.MediPlusTest" tests="1" failures="0" timestamp="14 Apr 2021 16:49:25 GMT" time="8.316" errors="0">
  <testcase name="mediPlusHome" time="8.316" classname="com.medicine.MediPlusTest"/>
</testsuite> <!-- com.medicine.MediPlusTest -->
