<?xml version="1.0" encoding="UTF-8"?>
<!-- Generated by org.testng.reporters.JUnitReportReporter -->
<testsuite hostname="LAPTOP-1E5OSFLE" name="com.medicine.LoginWithValidUser" tests="1" failures="0" timestamp="4 Jul 2021 10:02:18 GMT" time="32.793" errors="0">
  <testcase name="loginValid" time="32.793" classname="com.medicine.LoginWithValidUser"/>
</testsuite> <!-- com.medicine.LoginWithValidUser -->
