<?xml version="1.0" encoding="UTF-8"?>
<!-- Generated by org.testng.reporters.JUnitReportReporter -->
<testsuite hostname="LAPTOP-1E5OSFLE" name="com.medicine.AddToCartItems" tests="1" failures="0" timestamp="3 Jul 2021 11:40:22 GMT" time="43.153" errors="0">
  <testcase name="addItemsToCart" time="43.153" classname="com.medicine.AddToCartItems"/>
</testsuite> <!-- com.medicine.AddToCartItems -->
