<?xml version="1.0" encoding="UTF-8"?>
<!-- Generated by org.testng.reporters.JUnitReportReporter -->
<testsuite hostname="LAPTOP-1E5OSFLE" name="com.medicine.Proceed" tests="1" failures="0" timestamp="3 Jul 2021 14:50:19 GMT" time="210.938" errors="0">
  <testcase name="proceed" time="210.938" classname="com.medicine.Proceed"/>
</testsuite> <!-- com.medicine.Proceed -->
