<?xml version="1.0" encoding="UTF-8"?>
<!-- Generated by org.testng.reporters.JUnitReportReporter -->
<testsuite hostname="LAPTOP-1E5OSFLE" name="com.medicine.IEMediPlusTest" tests="1" failures="0" timestamp="14 Apr 2021 16:58:34 GMT" time="23.015" errors="0">
  <testcase name="iEMediPlus" time="23.015" classname="com.medicine.IEMediPlusTest"/>
</testsuite> <!-- com.medicine.IEMediPlusTest -->
