<?xml version="1.0" encoding="UTF-8"?>
<!-- Generated by org.testng.reporters.JUnitReportReporter -->
<testsuite hostname="LAPTOP-1E5OSFLE" name="com.medicine.IEMediPlusTest" tests="1" failures="0" timestamp="4 Jul 2021 10:02:18 GMT" time="106.153" errors="0">
  <testcase name="iEMediPlus" time="106.153" classname="com.medicine.IEMediPlusTest"/>
</testsuite> <!-- com.medicine.IEMediPlusTest -->
