<?xml version="1.0" encoding="UTF-8"?>
<!-- Generated by org.testng.reporters.JUnitReportReporter -->
<testsuite hostname="LAPTOP-1E5OSFLE" name="com.medicine.SearchProductTest" tests="1" failures="0" timestamp="4 Jul 2021 10:02:18 GMT" time="69.987" errors="0">
  <testcase name="searchProduct" time="69.987" classname="com.medicine.SearchProductTest"/>
</testsuite> <!-- com.medicine.SearchProductTest -->
