<?xml version="1.0" encoding="UTF-8"?>
<!-- Generated by org.testng.reporters.JUnitReportReporter -->
<testsuite hostname="LAPTOP-1E5OSFLE" name="com.medicine.UploadPrescription" tests="1" failures="0" timestamp="3 Jul 2021 13:39:09 GMT" time="70.883" errors="0">
  <testcase name="prescription" time="70.883" classname="com.medicine.UploadPrescription"/>
</testsuite> <!-- com.medicine.UploadPrescription -->
