<?xml version="1.0" encoding="UTF-8"?>
<!-- Generated by org.testng.reporters.JUnitReportReporter -->
<testsuite hostname="LAPTOP-1E5OSFLE" name="com.medicine.LoginWithValidUser" tests="1" failures="0" timestamp="8 May 2021 16:44:35 GMT" time="34.017" errors="0">
  <testcase name="loginValid" time="34.017" classname="com.medicine.LoginWithValidUser"/>
</testsuite> <!-- com.medicine.LoginWithValidUser -->
