<?xml version="1.0" encoding="UTF-8"?>
<!-- Generated by org.testng.reporters.JUnitReportReporter -->
<testsuite hostname="LAPTOP-1E5OSFLE" name="com.medicine.SearchProductTest" tests="1" failures="0" timestamp="2 Jul 2021 16:14:50 GMT" time="57.494" errors="0">
  <testcase name="eneterProduct" time="57.494" classname="com.medicine.SearchProductTest"/>
</testsuite> <!-- com.medicine.SearchProductTest -->
