<?xml version="1.0" encoding="UTF-8"?>
<!-- Generated by org.testng.reporters.JUnitReportReporter -->
<testsuite hostname="LAPTOP-1E5OSFLE" name="com.medicine.SearchProductTest" tests="1" failures="0" timestamp="8 May 2021 15:51:23 GMT" time="12.685" errors="0">
  <testcase name="eneterProduct" time="12.685" classname="com.medicine.SearchProductTest"/>
</testsuite> <!-- com.medicine.SearchProductTest -->
