<?xml version="1.0" encoding="UTF-8"?>
<!-- Generated by org.testng.reporters.JUnitReportReporter -->
<testsuite hostname="LAPTOP-1E5OSFLE" name="com.medicine.MediplusLogout" tests="1" failures="0" timestamp="4 Jul 2021 10:02:18 GMT" time="140.239" errors="0">
  <testcase name="logout" time="140.239" classname="com.medicine.MediplusLogout"/>
</testsuite> <!-- com.medicine.MediplusLogout -->
