<?xml version="1.0" encoding="UTF-8"?>
<!-- Generated by org.testng.reporters.JUnitReportReporter -->
<testsuite hostname="LAPTOP-1E5OSFLE" name="com.medicine.StoreFinder" tests="1" failures="0" timestamp="4 Jul 2021 10:02:19 GMT" time="57.352" errors="0">
  <testcase name="mediPlusHome" time="57.352" classname="com.medicine.StoreFinder"/>
</testsuite> <!-- com.medicine.StoreFinder -->
